<?xml version="1.0" encoding="UTF-8"?>
<testng-results ignored="0" total="1" passed="1" failed="0" skipped="0">
  <reporter-output>
  </reporter-output>
  <suite started-at="2023-06-20T22:51:14Z" name="Default suite" finished-at="2023-06-20T22:51:23Z" duration-ms="8577">
    <groups>
    </groups>
    <test started-at="2023-06-20T22:51:14Z" name="Default test" finished-at="2023-06-20T22:51:23Z" duration-ms="8577">
      <class name="test.AddCustomerTest">
        <test-method signature="userShouldBeAbleAddCustomer()[pri:0, instance:test.AddCustomerTest@6bf08014]" started-at="2023-06-20T22:51:14Z" name="userShouldBeAbleAddCustomer" finished-at="2023-06-20T22:51:23Z" duration-ms="8562" status="PASS">
          <reporter-output>
          </reporter-output>
        </test-method> <!-- userShouldBeAbleAddCustomer -->
      </class> <!-- test.AddCustomerTest -->
    </test> <!-- Default test -->
  </suite> <!-- Default suite -->
</testng-results>
